<?xml version="1.0" encoding="UTF-8"?>
<robot generator="Robot 7.0 (Python 3.12.3 on win32)" generated="2024-05-26T17:15:58.871280" rpa="false" schemaversion="5">
<suite id="s1" name="nubankClone" source="c:\Users\Carol\Desktop\QA RARO\atividade9-academy-CAROLINE-MAIA\android\features\nubankClone.robot">
<test id="s1-t1" name="CT012 - Acessar funcionalidade de pagar boleto" line="74">
<kw name="Dado que o usuário está logado no aplicativo" owner="nubankClonePage">
<kw name="Open App" owner="config">
<kw name="Open Application" owner="AppiumLibrary">
<arg>http://127.0.0.1:4723</arg>
<arg>automationName=${ANDROID_AUTOMATION_NAME}</arg>
<arg>platformName=${ANDROID_PLATFORM_NAME}</arg>
<arg>platformVersion=${ANDROID_APP_VERSION}</arg>
<arg>appActivity=${ANDROID_APP_ACTIVITY}</arg>
<arg>appPackage=${ANDROID_APP_PACKAGE}</arg>
<doc>Opens a new application to given Appium server.
Capabilities of appium server, Android and iOS,
Please check https://github.com/appium/appium/blob/master/docs/en/writing-running-appium/server-args.md
| *Option*            | *Man.* | *Description*     |
| remote_url          | Yes    | Appium server url |
| alias               | no     | alias             |
| strict_ssl          | No     | allows you to send commands to an invalid certificate host like a self-signed one. |</doc>
<status status="PASS" start="2024-05-26T17:15:59.140796" elapsed="11.198033"/>
</kw>
<status status="PASS" start="2024-05-26T17:15:59.139795" elapsed="11.199034"/>
</kw>
<status status="PASS" start="2024-05-26T17:15:59.139795" elapsed="11.199034"/>
</kw>
<kw name="Quando o usuário está na tela inicial" owner="nubankClonePage">
<kw name="Wait Until Page Contains Element" owner="AppiumLibrary">
<msg time="2024-05-26T17:16:11.222341" level="INFO">xpath criteria: //android.view.View[@content-desc="Olá, Breno Freitas"]</msg>
<arg>${DADOS_NOME}</arg>
<arg>10</arg>
<doc>Waits until element specified with `locator` appears on current page.</doc>
<status status="PASS" start="2024-05-26T17:16:10.339829" elapsed="0.883514"/>
</kw>
<kw name="Page Should Contain Element" owner="AppiumLibrary">
<msg time="2024-05-26T17:16:11.283858" level="INFO">Current page contains element 'xpath=//android.widget.ScrollView/android.view.View[1]'.</msg>
<msg time="2024-05-26T17:16:11.283858" level="INFO">xpath criteria: //android.widget.ScrollView/android.view.View[1]</msg>
<arg>${ICON_PERFIL}</arg>
<doc>Verifies that current page contains `locator` element.</doc>
<status status="PASS" start="2024-05-26T17:16:11.224778" elapsed="0.059080"/>
</kw>
<kw name="Page Should Contain Element" owner="AppiumLibrary">
<msg time="2024-05-26T17:16:11.334544" level="INFO">Current page contains element 'xpath=//android.widget.ScrollView/android.widget.Button[1]'.</msg>
<msg time="2024-05-26T17:16:11.335541" level="INFO">xpath criteria: //android.widget.ScrollView/android.widget.Button[1]</msg>
<arg>${ICON_OLHO}</arg>
<doc>Verifies that current page contains `locator` element.</doc>
<status status="PASS" start="2024-05-26T17:16:11.283858" elapsed="0.051683"/>
</kw>
<kw name="Page Should Contain Element" owner="AppiumLibrary">
<msg time="2024-05-26T17:16:11.385503" level="INFO">Current page contains element 'xpath=//android.widget.ScrollView/android.widget.Button[2]'.</msg>
<msg time="2024-05-26T17:16:11.385503" level="INFO">xpath criteria: //android.widget.ScrollView/android.widget.Button[2]</msg>
<arg>${ICON_AJUDA}</arg>
<doc>Verifies that current page contains `locator` element.</doc>
<status status="PASS" start="2024-05-26T17:16:11.336045" elapsed="0.049458"/>
</kw>
<kw name="Page Should Contain Element" owner="AppiumLibrary">
<msg time="2024-05-26T17:16:11.434112" level="INFO">Current page contains element 'xpath=//android.widget.ScrollView/android.widget.Button[3]'.</msg>
<msg time="2024-05-26T17:16:11.434112" level="INFO">xpath criteria: //android.widget.ScrollView/android.widget.Button[3]</msg>
<arg>${ICON_EMAIL}</arg>
<doc>Verifies that current page contains `locator` element.</doc>
<status status="PASS" start="2024-05-26T17:16:11.386008" elapsed="0.049610"/>
</kw>
<status status="PASS" start="2024-05-26T17:16:10.339829" elapsed="1.095789"/>
</kw>
<kw name="E acessar a funcionalidade de Pagar" owner="pagarPage">
<kw name="Clica no atalho" owner="commons">
<kw name="Wait Until Element Is Visible" owner="AppiumLibrary">
<msg time="2024-05-26T17:16:11.500638" level="INFO">xpath criteria: //android.widget.ScrollView/android.widget.HorizontalScrollView[1]/android.widget.Button[2]</msg>
<arg>${elemento}</arg>
<doc>Waits until element specified with `locator` is visible.</doc>
<status status="PASS" start="2024-05-26T17:16:11.435618" elapsed="0.065523"/>
</kw>
<kw name="Click Element" owner="AppiumLibrary">
<msg time="2024-05-26T17:16:11.504909" level="INFO">Clicking element 'xpath=//android.widget.ScrollView/android.widget.HorizontalScrollView[1]/android.widget.Button[2]'.</msg>
<msg time="2024-05-26T17:16:11.612040" level="INFO">xpath criteria: //android.widget.ScrollView/android.widget.HorizontalScrollView[1]/android.widget.Button[2]</msg>
<arg>${elemento}</arg>
<doc>Click element identified by `locator`.</doc>
<status status="PASS" start="2024-05-26T17:16:11.501141" elapsed="0.111903"/>
</kw>
<arg>${PAGAR}</arg>
<status status="PASS" start="2024-05-26T17:16:11.435618" elapsed="0.177426"/>
</kw>
<status status="PASS" start="2024-05-26T17:16:11.435618" elapsed="0.177426"/>
</kw>
<kw name="Então visualizar todas as opcoes de Pagamento" owner="pagarPage">
<kw name="Visualiza o atalho" owner="commons">
<kw name="Wait Until Element Is Visible" owner="AppiumLibrary">
<msg time="2024-05-26T17:16:12.968575" level="INFO">xpath criteria: //android.view.View[@content-desc="Pagar com Pix
Leia um QR Code ou cole o código."]
xpath criteria: //android.view.View[@content-desc="Pagar com Pix
Leia um QR Code ou cole o código."]</msg>
<arg>${elemento}</arg>
<doc>Waits until element specified with `locator` is visible.</doc>
<status status="PASS" start="2024-05-26T17:16:11.615413" elapsed="1.353303"/>
</kw>
<kw name="Element Should Be Visible" owner="AppiumLibrary">
<msg time="2024-05-26T17:16:13.014234" level="INFO">xpath criteria: //android.view.View[@content-desc="Pagar com Pix
Leia um QR Code ou cole o código."]</msg>
<arg>${elemento}</arg>
<doc>Verifies that element identified with locator is visible.</doc>
<status status="PASS" start="2024-05-26T17:16:12.968716" elapsed="0.047025"/>
</kw>
<arg>${PAGAR_PIX}</arg>
<status status="PASS" start="2024-05-26T17:16:11.614356" elapsed="1.401385"/>
</kw>
<kw name="Visualiza o atalho" owner="commons">
<kw name="Wait Until Element Is Visible" owner="AppiumLibrary">
<msg time="2024-05-26T17:16:13.060147" level="INFO">xpath criteria: //android.view.View[@content-desc="Pagar fatura do cartão
Libera o limite do seu Cartão de Crédito."]</msg>
<arg>${elemento}</arg>
<doc>Waits until element specified with `locator` is visible.</doc>
<status status="PASS" start="2024-05-26T17:16:13.015741" elapsed="0.044406"/>
</kw>
<kw name="Element Should Be Visible" owner="AppiumLibrary">
<msg time="2024-05-26T17:16:13.106634" level="INFO">xpath criteria: //android.view.View[@content-desc="Pagar fatura do cartão
Libera o limite do seu Cartão de Crédito."]</msg>
<arg>${elemento}</arg>
<doc>Verifies that element identified with locator is visible.</doc>
<status status="PASS" start="2024-05-26T17:16:13.060147" elapsed="0.046487"/>
</kw>
<arg>${PAGAR_CARTAO}</arg>
<status status="PASS" start="2024-05-26T17:16:13.015741" elapsed="0.090893"/>
</kw>
<kw name="Visualiza o atalho" owner="commons">
<kw name="Wait Until Element Is Visible" owner="AppiumLibrary">
<msg time="2024-05-26T17:16:13.155592" level="INFO">xpath criteria: //android.view.View[@content-desc="Pagar um boleto
Contas de luz, água, etc."]</msg>
<arg>${elemento}</arg>
<doc>Waits until element specified with `locator` is visible.</doc>
<status status="PASS" start="2024-05-26T17:16:13.107630" elapsed="0.048466"/>
</kw>
<kw name="Element Should Be Visible" owner="AppiumLibrary">
<msg time="2024-05-26T17:16:13.201158" level="INFO">xpath criteria: //android.view.View[@content-desc="Pagar um boleto
Contas de luz, água, etc."]</msg>
<arg>${elemento}</arg>
<doc>Verifies that element identified with locator is visible.</doc>
<status status="PASS" start="2024-05-26T17:16:13.156096" elapsed="0.045062"/>
</kw>
<arg>${PAGAR_BOLETO}</arg>
<status status="PASS" start="2024-05-26T17:16:13.106634" elapsed="0.094524"/>
</kw>
<status status="PASS" start="2024-05-26T17:16:11.613044" elapsed="1.588114"/>
</kw>
<kw name="Teardown" owner="config" type="TEARDOWN">
<kw name="Run Keyword" owner="BuiltIn">
<kw name="Run Keyword If Test Failed" owner="BuiltIn">
<arg>Capture Page Screenshot</arg>
<doc>Runs the given keyword with the given arguments, if the test failed.</doc>
<status status="PASS" start="2024-05-26T17:16:13.202164" elapsed="0.000000"/>
</kw>
<arg>Run Keyword If Test Failed</arg>
<arg>Capture Page Screenshot</arg>
<doc>Executes the given keyword with the given arguments.</doc>
<status status="PASS" start="2024-05-26T17:16:13.202164" elapsed="0.000000"/>
</kw>
<kw name="Close All Applications" owner="AppiumLibrary">
<doc>Closes all open applications.</doc>
<status status="PASS" start="2024-05-26T17:16:13.202164" elapsed="0.618095"/>
</kw>
<status status="PASS" start="2024-05-26T17:16:13.202164" elapsed="0.618095"/>
</kw>
<status status="PASS" start="2024-05-26T17:15:59.138666" elapsed="14.682604"/>
</test>
<status status="PASS" start="2024-05-26T17:15:58.877613" elapsed="14.945962"/>
</suite>
<statistics>
<total>
<stat pass="1" fail="0" skip="0">All Tests</stat>
</total>
<tag>
</tag>
<suite>
<stat pass="1" fail="0" skip="0" id="s1" name="nubankClone">nubankClone</stat>
</suite>
</statistics>
<errors>
</errors>
</robot>
